D:\VSPROJECTS\CALCPROJECT\CALCPROJECT\DEBUG\CALCPROJECTTEST.OBJ
D:\VSPROJECTS\CALCPROJECT\CALCPROJECT\DEBUG\NUMBERNODE.OBJ
D:\VSPROJECTS\CALCPROJECT\CALCPROJECT\DEBUG\SUBNODE.OBJ
D:\VSPROJECTS\CALCPROJECT\CALCPROJECT\DEBUG\VC110.PDB
D:\VSPROJECTS\CALCPROJECT\CALCPROJECT\DEBUG\ADDNODE.OBJ
D:\VSPROJECTS\CALCPROJECT\CALCPROJECT\DEBUG\BINARYNODE.OBJ
D:\VSPROJECTS\CALCPROJECT\CALCPROJECT\DEBUG\NODE.OBJ
D:\VSProjects\CalcProject\CalcProject\Debug\AddNode.obj
D:\VSProjects\CalcProject\CalcProject\Debug\BinaryNode.obj
D:\VSProjects\CalcProject\CalcProject\Debug\CalcProjectTest.obj
D:\VSProjects\CalcProject\CalcProject\Debug\Node.obj
D:\VSProjects\CalcProject\CalcProject\Debug\NumberNode.obj
D:\VSProjects\CalcProject\CalcProject\Debug\SubNode.obj
D:\VSProjects\CalcProject\CalcProject\Debug\cl.command.1.tlog
D:\VSProjects\CalcProject\CalcProject\Debug\CL.read.1.tlog
D:\VSProjects\CalcProject\CalcProject\Debug\CL.write.1.tlog
D:\VSProjects\CalcProject\CalcProject\Debug\link-cvtres.read.1.tlog
D:\VSProjects\CalcProject\CalcProject\Debug\link-cvtres.write.1.tlog
D:\VSProjects\CalcProject\CalcProject\Debug\link-rc.read.1.tlog
D:\VSProjects\CalcProject\CalcProject\Debug\link-rc.write.1.tlog
D:\VSProjects\CalcProject\CalcProject\Debug\link.command.1.tlog
D:\VSProjects\CalcProject\CalcProject\Debug\link.read.1.tlog
D:\VSProjects\CalcProject\CalcProject\Debug\link.write.1.tlog
D:\VSProjects\CalcProject\CalcProject\Debug\vc110.idb
D:\VSProjects\CalcProject\CalcProject\Debug\vc110.pdb
D:\VSProjects\CalcProject\Debug\CalcProject.pdb
